Determining if the pthread_create exist failed with the following output:
Change Dir: /home/eloi/bigactorrte/rosjava_workspace/build/CMakeFiles/CMakeTmp

Run Build Command:/usr/bin/make "cmTryCompileExec1128233609/fast"
/usr/bin/make -f CMakeFiles/cmTryCompileExec1128233609.dir/build.make CMakeFiles/cmTryCompileExec1128233609.dir/build
make[1]: Entering directory `/home/eloi/bigactorrte/rosjava_workspace/build/CMakeFiles/CMakeTmp'
/usr/bin/cmake -E cmake_progress_report /home/eloi/bigactorrte/rosjava_workspace/build/CMakeFiles/CMakeTmp/CMakeFiles 1
Building C object CMakeFiles/cmTryCompileExec1128233609.dir/CheckSymbolExists.c.o
/usr/bin/cc    -o CMakeFiles/cmTryCompileExec1128233609.dir/CheckSymbolExists.c.o   -c /home/eloi/bigactorrte/rosjava_workspace/build/CMakeFiles/CMakeTmp/CheckSymbolExists.c
Linking C executable cmTryCompileExec1128233609
/usr/bin/cmake -E cmake_link_script CMakeFiles/cmTryCompileExec1128233609.dir/link.txt --verbose=1
/usr/bin/cc       CMakeFiles/cmTryCompileExec1128233609.dir/CheckSymbolExists.c.o  -o cmTryCompileExec1128233609 -rdynamic 
CMakeFiles/cmTryCompileExec1128233609.dir/CheckSymbolExists.c.o: In function `main':
CheckSymbolExists.c:(.text+0x16): undefined reference to `pthread_create'
collect2: error: ld returned 1 exit status
make[1]: *** [cmTryCompileExec1128233609] Error 1
make[1]: Leaving directory `/home/eloi/bigactorrte/rosjava_workspace/build/CMakeFiles/CMakeTmp'
make: *** [cmTryCompileExec1128233609/fast] Error 2

File /home/eloi/bigactorrte/rosjava_workspace/build/CMakeFiles/CMakeTmp/CheckSymbolExists.c:
/* */
#include <pthread.h>

int main(int argc, char** argv)
{
  (void)argv;
#ifndef pthread_create
  return ((int*)(&pthread_create))[argc];
#else
  (void)argc;
  return 0;
#endif
}

Determining if the function pthread_create exists in the pthreads failed with the following output:
Change Dir: /home/eloi/bigactorrte/rosjava_workspace/build/CMakeFiles/CMakeTmp

Run Build Command:/usr/bin/make "cmTryCompileExec697969382/fast"
/usr/bin/make -f CMakeFiles/cmTryCompileExec697969382.dir/build.make CMakeFiles/cmTryCompileExec697969382.dir/build
make[1]: Entering directory `/home/eloi/bigactorrte/rosjava_workspace/build/CMakeFiles/CMakeTmp'
/usr/bin/cmake -E cmake_progress_report /home/eloi/bigactorrte/rosjava_workspace/build/CMakeFiles/CMakeTmp/CMakeFiles 1
Building C object CMakeFiles/cmTryCompileExec697969382.dir/CheckFunctionExists.c.o
/usr/bin/cc   -DCHECK_FUNCTION_EXISTS=pthread_create   -o CMakeFiles/cmTryCompileExec697969382.dir/CheckFunctionExists.c.o   -c /usr/share/cmake-2.8/Modules/CheckFunctionExists.c
Linking C executable cmTryCompileExec697969382
/usr/bin/cmake -E cmake_link_script CMakeFiles/cmTryCompileExec697969382.dir/link.txt --verbose=1
/usr/bin/cc   -DCHECK_FUNCTION_EXISTS=pthread_create    CMakeFiles/cmTryCompileExec697969382.dir/CheckFunctionExists.c.o  -o cmTryCompileExec697969382 -rdynamic -lpthreads 
/usr/bin/ld: cannot find -lpthreads
collect2: error: ld returned 1 exit status
make[1]: *** [cmTryCompileExec697969382] Error 1
make[1]: Leaving directory `/home/eloi/bigactorrte/rosjava_workspace/build/CMakeFiles/CMakeTmp'
make: *** [cmTryCompileExec697969382/fast] Error 2


